<?xml version="1.0" encoding="UTF-8"?>
<testng-results ignored="0" total="1" passed="1" failed="0" skipped="0">
  <reporter-output>
  </reporter-output>
  <suite started-at="2022-01-25T10:20:07 IST" name="Default suite" finished-at="2022-01-25T10:20:20 IST" duration-ms="12995">
    <groups>
      <group name="regressionTest">
        <method signature="ViewContactTest.ViewContact()[pri:0, instance:contactTest.ViewContactTest@4efc180e]" name="ViewContact" class="contactTest.ViewContactTest"/>
      </group> <!-- regressionTest -->
    </groups>
    <test started-at="2022-01-25T10:20:07 IST" name="Default test" finished-at="2022-01-25T10:20:20 IST" duration-ms="12995">
      <class name="contactTest.ViewContactTest">
        <test-method is-config="true" signature="configBs()[pri:0, instance:contactTest.ViewContactTest@4efc180e]" started-at="2022-01-25T10:20:07 IST" name="configBs" finished-at="2022-01-25T10:20:07 IST" duration-ms="5" status="PASS">
          <reporter-output>
          </reporter-output>
        </test-method> <!-- configBs -->
        <test-method is-config="true" signature="configBc()[pri:0, instance:contactTest.ViewContactTest@4efc180e]" started-at="2022-01-25T10:20:07 IST" name="configBc" finished-at="2022-01-25T10:20:11 IST" duration-ms="3749" status="PASS">
          <reporter-output>
          </reporter-output>
        </test-method> <!-- configBc -->
        <test-method is-config="true" signature="configBm()[pri:0, instance:contactTest.ViewContactTest@4efc180e]" started-at="2022-01-25T10:20:11 IST" name="configBm" finished-at="2022-01-25T10:20:14 IST" duration-ms="2895" status="PASS">
          <reporter-output>
          </reporter-output>
        </test-method> <!-- configBm -->
        <test-method signature="ViewContact()[pri:0, instance:contactTest.ViewContactTest@4efc180e]" started-at="2022-01-25T10:20:14 IST" name="ViewContact" finished-at="2022-01-25T10:20:18 IST" duration-ms="4503" status="PASS">
          <reporter-output>
          </reporter-output>
        </test-method> <!-- ViewContact -->
        <test-method is-config="true" signature="configAm()[pri:0, instance:contactTest.ViewContactTest@4efc180e]" started-at="2022-01-25T10:20:18 IST" name="configAm" finished-at="2022-01-25T10:20:20 IST" duration-ms="1644" status="PASS">
          <reporter-output>
          </reporter-output>
        </test-method> <!-- configAm -->
        <test-method is-config="true" signature="configAc()[pri:0, instance:contactTest.ViewContactTest@4efc180e]" started-at="2022-01-25T10:20:20 IST" name="configAc" finished-at="2022-01-25T10:20:20 IST" duration-ms="174" status="PASS">
          <reporter-output>
          </reporter-output>
        </test-method> <!-- configAc -->
        <test-method is-config="true" signature="configAs()[pri:0, instance:contactTest.ViewContactTest@4efc180e]" started-at="2022-01-25T10:20:20 IST" name="configAs" finished-at="2022-01-25T10:20:20 IST" duration-ms="0" status="PASS">
          <reporter-output>
          </reporter-output>
        </test-method> <!-- configAs -->
      </class> <!-- contactTest.ViewContactTest -->
    </test> <!-- Default test -->
  </suite> <!-- Default suite -->
</testng-results>
